-------------------------------------------------------------------------------
Test set: dev.sena.credikfam.cliente.ClienteServiceImplTest
-------------------------------------------------------------------------------
Tests run: 5, Failures: 0, Errors: 1, Skipped: 0, Time elapsed: 0.541 s <<< FAILURE! -- in dev.sena.credikfam.cliente.ClienteServiceImplTest
dev.sena.credikfam.cliente.ClienteServiceImplTest.shouldThrowExceptionWhenClienteNotFound -- Time elapsed: 0.376 s <<< ERROR!
org.mockito.exceptions.misusing.InvalidUseOfMatchersException: 

Misplaced or misused argument matcher detected here:

-> at dev.sena.credikfam.cliente.ClienteControllerTest.shouldCreateCliente(ClienteControllerTest.java:50)
-> at dev.sena.credikfam.cliente.ClienteControllerTest.shouldUpdateCliente(ClienteControllerTest.java:61)
-> at dev.sena.credikfam.cliente.ClienteControllerTest.shouldReturnClienteById(ClienteControllerTest.java:39)

You cannot use argument matchers outside of verification or stubbing.
Examples of correct usage of argument matchers:
    when(mock.get(anyInt())).thenReturn(null);
    doThrow(new RuntimeException()).when(mock).someVoidMethod(any());
    verify(mock).someMethod(contains("foo"))

This message may appear after an NullPointerException if the last matcher is returning an object 
like any() but the stubbed method signature expect a primitive argument, in this case,
use primitive alternatives.
    when(mock.get(any())); // bad use, will raise NPE
    when(mock.get(anyInt())); // correct usage use

Also, this error might show up because you use argument matchers with methods that cannot be mocked.
Following methods *cannot* be stubbed/verified: final/private/equals()/hashCode().
Mocking methods declared on non-public parent classes is not supported.

	at dev.sena.credikfam.cliente.ClienteServiceImplTest.setUp(ClienteServiceImplTest.java:33)
	at java.base/java.lang.reflect.Method.invoke(Method.java:580)
	at java.base/java.util.ArrayList.forEach(ArrayList.java:1597)
	at java.base/java.util.ArrayList.forEach(ArrayList.java:1597)

